2025-09-25 18:19:16,536 - INFO - Generating transparency samples for predictions...
2025-09-25 18:28:41,474 - INFO - Transparency sample (no predictions performed here):
2025-09-25 18:28:41,475 - INFO - Transparency sample row: {'id': 9, 'date': datetime.date(2025, 9, 1), 'type': 'expense', 'category': 'bills', 'amount': 6000.0, 'note': 'water bill August'}
2025-09-25 18:28:41,482 - INFO - Transparency sample row: {'id': 3, 'date': datetime.date(2025, 9, 1), 'type': 'expense', 'category': 'educational', 'amount': 2200.0, 'note': 'official chess tshirt 2025/26'}
2025-09-25 18:28:41,483 - INFO - Transparency sample row: {'id': 8, 'date': datetime.date(2025, 9, 11), 'type': 'income', 'category': 'investment', 'amount': 2000.0, 'note': 'fixed opportunity income monthly interest'}
2025-09-25 18:28:41,487 - INFO - Transparency sample row: {'id': 17, 'date': datetime.date(2025, 9, 16), 'type': 'expense', 'category': 'education', 'amount': 5000.0, 'note': 'robotic exhibition'}
2025-09-25 18:28:41,487 - INFO - Transparency sample row: {'id': 16, 'date': datetime.date(2025, 9, 6), 'type': 'expense', 'category': 'sports', 'amount': 3000.0, 'note': 'chess tournament registration fee'}
2025-09-25 18:28:42,235 - INFO - \u2705 Insights generated successfully.
2025-09-25 18:28:57,701 - INFO - Transparency sample (no predictions performed here):
2025-09-25 18:28:57,701 - INFO - Transparency sample row: {'id': 6, 'date': datetime.date(2025, 9, 1), 'type': 'expense', 'category': 'bills', 'amount': 8000.0, 'note': 'electricity bill August'}
2025-09-25 18:28:57,703 - INFO - Transparency sample row: {'id': 8, 'date': datetime.date(2025, 9, 11), 'type': 'income', 'category': 'investment', 'amount': 2000.0, 'note': 'fixed opportunity income monthly interest'}
2025-09-25 18:28:57,703 - INFO - Transparency sample row: {'id': 9, 'date': datetime.date(2025, 9, 1), 'type': 'expense', 'category': 'bills', 'amount': 6000.0, 'note': 'water bill August'}
2025-09-25 18:28:57,705 - INFO - Transparency sample row: {'id': 7, 'date': datetime.date(2025, 9, 1), 'type': 'expense', 'category': 'shopping', 'amount': 6000.0, 'note': 'new semester clothes'}
2025-09-25 18:28:57,705 - INFO - Transparency sample row: {'id': 4, 'date': datetime.date(2025, 9, 3), 'type': 'expense', 'category': 'transport', 'amount': 1000.0, 'note': 'total bus fare 5 days'}
2025-09-25 18:28:58,115 - INFO - \u2705 Insights generated successfully.
2025-09-25 18:39:59,927 - INFO - Transparency sample logged:
2025-09-25 18:39:59,928 - INFO - {'id': 8, 'date': datetime.date(2025, 9, 11), 'type': 'income', 'category': 'investment', 'amount': 2000.0, 'note': 'fixed opportunity income monthly interest'}
2025-09-25 18:39:59,928 - INFO - {'id': 3, 'date': datetime.date(2025, 9, 1), 'type': 'expense', 'category': 'educational', 'amount': 2200.0, 'note': 'official chess tshirt 2025/26'}
2025-09-25 18:39:59,928 - INFO - {'id': 4, 'date': datetime.date(2025, 9, 3), 'type': 'expense', 'category': 'transport', 'amount': 1000.0, 'note': 'total bus fare 5 days'}
2025-09-25 18:42:05,346 - INFO - Transparency sample logged:
2025-09-25 18:42:05,346 - INFO - {'id': 5, 'date': datetime.date(2025, 9, 6), 'type': 'expense', 'category': 'food', 'amount': 5000.0, 'note': 'birthday pizza large'}
2025-09-25 18:42:05,346 - INFO - {'id': 4, 'date': datetime.date(2025, 9, 3), 'type': 'expense', 'category': 'transport', 'amount': 1000.0, 'note': 'total bus fare 5 days'}
2025-09-25 18:42:05,347 - INFO - {'id': 8, 'date': datetime.date(2025, 9, 11), 'type': 'income', 'category': 'investment', 'amount': 2000.0, 'note': 'fixed opportunity income monthly interest'}
2025-09-25 21:46:41,743 - INFO - Transparency sample logged:
2025-09-25 21:46:41,743 - INFO - {'id': 6, 'date': datetime.date(2025, 9, 1), 'type': 'expense', 'category': 'bills', 'amount': 8000.0, 'note': 'electricity bill August'}
2025-09-25 21:46:41,743 - INFO - {'id': 8, 'date': datetime.date(2025, 9, 11), 'type': 'income', 'category': 'investment', 'amount': 2000.0, 'note': 'fixed opportunity income monthly interest'}
2025-09-25 21:46:41,744 - INFO - {'id': 9, 'date': datetime.date(2025, 9, 1), 'type': 'expense', 'category': 'bills', 'amount': 6000.0, 'note': 'water bill August'}
2025-09-25 21:47:22,746 - INFO - Transparency sample logged:
2025-09-25 21:47:22,747 - INFO - {'id': 6, 'date': datetime.date(2025, 9, 1), 'type': 'expense', 'category': 'bills', 'amount': 8000.0, 'note': 'electricity bill August'}
2025-09-25 21:47:22,747 - INFO - {'id': 5, 'date': datetime.date(2025, 9, 6), 'type': 'expense', 'category': 'food', 'amount': 5000.0, 'note': 'birthday pizza large'}
2025-09-25 21:47:22,747 - INFO - {'id': 4, 'date': datetime.date(2025, 9, 3), 'type': 'expense', 'category': 'transport', 'amount': 1000.0, 'note': 'total bus fare 5 days'}
2025-09-25 22:10:56,638 - INFO - Transparency sample logged:
2025-09-25 22:10:56,639 - INFO - {'id': 18, 'date': datetime.date(2025, 9, 25), 'type': 'expense', 'category': 'food', 'amount': 5000.0, 'note': 'taco bell - classic burrito'}
2025-09-25 22:10:56,639 - INFO - {'id': 16, 'date': datetime.date(2025, 9, 6), 'type': 'expense', 'category': 'sports', 'amount': 3000.0, 'note': 'chess tournament registration fee'}
2025-09-25 22:10:56,640 - INFO - {'id': 5, 'date': datetime.date(2025, 9, 6), 'type': 'expense', 'category': 'food', 'amount': 5000.0, 'note': 'birthday pizza large'}
2025-09-25 22:10:56,776 - INFO - Transparency sample logged:
2025-09-25 22:10:56,776 - INFO - {'id': 2, 'date': datetime.date(2025, 9, 1), 'type': 'income', 'category': 'salary', 'amount': 50000.0, 'note': 'bonus added'}
2025-09-25 22:10:56,777 - INFO - {'id': 7, 'date': datetime.date(2025, 9, 1), 'type': 'expense', 'category': 'shopping', 'amount': 6000.0, 'note': 'new semester clothes'}
2025-09-25 22:10:56,777 - INFO - {'id': 5, 'date': datetime.date(2025, 9, 6), 'type': 'expense', 'category': 'food', 'amount': 5000.0, 'note': 'birthday pizza large'}
2025-09-25 22:10:56,867 - INFO - Transparency sample logged:
2025-09-25 22:10:56,868 - INFO - {'id': 16, 'date': datetime.date(2025, 9, 6), 'type': 'expense', 'category': 'sports', 'amount': 3000.0, 'note': 'chess tournament registration fee'}
2025-09-25 22:10:56,868 - INFO - {'id': 18, 'date': datetime.date(2025, 9, 25), 'type': 'expense', 'category': 'food', 'amount': 5000.0, 'note': 'taco bell - classic burrito'}
2025-09-25 22:10:56,868 - INFO - {'id': 17, 'date': datetime.date(2025, 9, 16), 'type': 'expense', 'category': 'education', 'amount': 5000.0, 'note': 'robotic exhibition'}
2025-09-25 22:14:56,246 - INFO - Transparency sample logged:
2025-09-25 22:14:56,247 - INFO - {'id': 16, 'date': datetime.date(2025, 9, 6), 'type': 'expense', 'category': 'sports', 'amount': 3000.0, 'note': 'chess tournament registration fee'}
2025-09-25 22:14:56,247 - INFO - {'id': 2, 'date': datetime.date(2025, 9, 1), 'type': 'income', 'category': 'salary', 'amount': 50000.0, 'note': 'bonus added'}
2025-09-25 22:14:56,247 - INFO - {'id': 17, 'date': datetime.date(2025, 9, 16), 'type': 'expense', 'category': 'education', 'amount': 5000.0, 'note': 'robotic exhibition'}
2025-09-25 22:15:22,867 - INFO - Transparency sample logged:
2025-09-25 22:15:22,868 - INFO - {'id': 8, 'date': datetime.date(2025, 9, 11), 'type': 'income', 'category': 'investment', 'amount': 2000.0, 'note': 'fixed opportunity income monthly interest'}
2025-09-25 22:15:22,868 - INFO - {'id': 2, 'date': datetime.date(2025, 9, 1), 'type': 'income', 'category': 'salary', 'amount': 50000.0, 'note': 'bonus added'}
2025-09-25 22:15:22,868 - INFO - {'id': 6, 'date': datetime.date(2025, 9, 1), 'type': 'expense', 'category': 'bills', 'amount': 8000.0, 'note': 'electricity bill August'}
2025-09-25 22:17:52,434 - INFO - Transparency sample logged:
2025-09-25 22:17:52,435 - INFO - {'id': 21, 'date': datetime.date(2025, 9, 25), 'type': 'expense', 'category': 'transport', 'amount': 440.0, 'note': 'bus and three wheel fare'}
2025-09-25 22:17:52,435 - INFO - {'id': 8, 'date': datetime.date(2025, 9, 11), 'type': 'income', 'category': 'investment', 'amount': 2000.0, 'note': 'fixed opportunity income monthly interest'}
2025-09-25 22:17:52,436 - INFO - {'id': 17, 'date': datetime.date(2025, 9, 16), 'type': 'expense', 'category': 'education', 'amount': 5000.0, 'note': 'robotic exhibition'}
2025-09-25 22:17:52,547 - INFO - Transparency sample logged:
2025-09-25 22:17:52,548 - INFO - {'id': 17, 'date': datetime.date(2025, 9, 16), 'type': 'expense', 'category': 'education', 'amount': 5000.0, 'note': 'robotic exhibition'}
2025-09-25 22:17:52,548 - INFO - {'id': 2, 'date': datetime.date(2025, 9, 1), 'type': 'income', 'category': 'salary', 'amount': 50000.0, 'note': 'bonus added'}
2025-09-25 22:17:52,548 - INFO - {'id': 24, 'date': datetime.date(2025, 9, 27), 'type': 'expense', 'category': 'education', 'amount': 1000.0, 'note': 'research printouts'}
2025-09-25 22:17:52,665 - INFO - Transparency sample logged:
2025-09-25 22:17:52,665 - INFO - {'id': 5, 'date': datetime.date(2025, 9, 6), 'type': 'expense', 'category': 'food', 'amount': 5000.0, 'note': 'birthday pizza large'}
2025-09-25 22:17:52,665 - INFO - {'id': 24, 'date': datetime.date(2025, 9, 27), 'type': 'expense', 'category': 'education', 'amount': 1000.0, 'note': 'research printouts'}
2025-09-25 22:17:52,665 - INFO - {'id': 2, 'date': datetime.date(2025, 9, 1), 'type': 'income', 'category': 'salary', 'amount': 50000.0, 'note': 'bonus added'}
2025-09-25 22:17:53,645 - INFO - Transparency sample logged:
2025-09-25 22:17:53,646 - INFO - {'id': 24, 'date': datetime.date(2025, 9, 27), 'type': 'expense', 'category': 'education', 'amount': 1000.0, 'note': 'research printouts'}
2025-09-25 22:17:53,646 - INFO - {'id': 4, 'date': datetime.date(2025, 9, 3), 'type': 'expense', 'category': 'transport', 'amount': 1000.0, 'note': 'total bus fare 5 days'}
2025-09-25 22:17:53,646 - INFO - {'id': 3, 'date': datetime.date(2025, 9, 1), 'type': 'expense', 'category': 'educational', 'amount': 2200.0, 'note': 'official chess tshirt 2025/26'}
2025-09-25 22:17:53,727 - INFO - Transparency sample logged:
2025-09-25 22:17:53,728 - INFO - {'id': 24, 'date': datetime.date(2025, 9, 27), 'type': 'expense', 'category': 'education', 'amount': 1000.0, 'note': 'research printouts'}
2025-09-25 22:17:53,728 - INFO - {'id': 6, 'date': datetime.date(2025, 9, 1), 'type': 'expense', 'category': 'bills', 'amount': 8000.0, 'note': 'electricity bill August'}
2025-09-25 22:17:53,728 - INFO - {'id': 2, 'date': datetime.date(2025, 9, 1), 'type': 'income', 'category': 'salary', 'amount': 50000.0, 'note': 'bonus added'}
2025-09-25 22:17:53,809 - INFO - Transparency sample logged:
2025-09-25 22:17:53,809 - INFO - {'id': 8, 'date': datetime.date(2025, 9, 11), 'type': 'income', 'category': 'investment', 'amount': 2000.0, 'note': 'fixed opportunity income monthly interest'}
2025-09-25 22:17:53,809 - INFO - {'id': 9, 'date': datetime.date(2025, 9, 1), 'type': 'expense', 'category': 'bills', 'amount': 6000.0, 'note': 'water bill August'}
2025-09-25 22:17:53,809 - INFO - {'id': 17, 'date': datetime.date(2025, 9, 16), 'type': 'expense', 'category': 'education', 'amount': 5000.0, 'note': 'robotic exhibition'}
2025-09-25 22:21:32,783 - INFO - Transparency sample logged:
2025-09-25 22:21:32,784 - INFO - {'id': 24, 'date': datetime.date(2025, 9, 27), 'type': 'expense', 'category': 'education', 'amount': 1000.0, 'note': 'research printouts'}
2025-09-25 22:21:32,784 - INFO - {'id': 3, 'date': datetime.date(2025, 9, 1), 'type': 'expense', 'category': 'educational', 'amount': 2200.0, 'note': 'official chess tshirt 2025/26'}
2025-09-25 22:21:32,784 - INFO - {'id': 2, 'date': datetime.date(2025, 9, 1), 'type': 'income', 'category': 'salary', 'amount': 50000.0, 'note': 'bonus added'}
2025-09-25 22:22:17,982 - INFO - Transparency sample logged:
2025-09-25 22:22:17,982 - INFO - {'id': 24, 'date': datetime.date(2025, 9, 27), 'type': 'expense', 'category': 'education', 'amount': 1000.0, 'note': 'research printouts'}
2025-09-25 22:22:17,982 - INFO - {'id': 18, 'date': datetime.date(2025, 9, 25), 'type': 'expense', 'category': 'food', 'amount': 5000.0, 'note': 'taco bell - classic burrito'}
2025-09-25 22:22:17,983 - INFO - {'id': 2, 'date': datetime.date(2025, 9, 1), 'type': 'income', 'category': 'salary', 'amount': 50000.0, 'note': 'bonus added'}
2025-09-26 00:05:17,286 - INFO - Transparency sample logged:
2025-09-26 00:05:17,287 - INFO - {'id': 3, 'date': datetime.date(2025, 9, 1), 'type': 'expense', 'category': 'educational', 'amount': 2200.0, 'note': 'official chess tshirt 2025/26'}
2025-09-26 00:05:17,287 - INFO - {'id': 18, 'date': datetime.date(2025, 9, 25), 'type': 'expense', 'category': 'food', 'amount': 5000.0, 'note': 'taco bell - classic burrito'}
2025-09-26 00:05:17,288 - INFO - {'id': 2, 'date': datetime.date(2025, 9, 1), 'type': 'income', 'category': 'salary', 'amount': 50000.0, 'note': 'bonus added'}
2025-09-26 08:39:03,919 - INFO - Transparency sample logged:
2025-09-26 08:39:03,919 - INFO - {'id': 7, 'date': datetime.date(2025, 9, 1), 'type': 'expense', 'category': 'shopping', 'amount': 6000.0, 'note': 'new semester clothes'}
2025-09-26 08:39:03,920 - INFO - {'id': 2, 'date': datetime.date(2025, 9, 1), 'type': 'income', 'category': 'salary', 'amount': 50000.0, 'note': 'bonus added'}
2025-09-26 08:39:03,920 - INFO - {'id': 24, 'date': datetime.date(2025, 9, 27), 'type': 'expense', 'category': 'education', 'amount': 1000.0, 'note': 'research printouts'}
2025-09-26 10:28:16,388 - INFO - Transparency sample logged:
2025-09-26 10:28:16,388 - INFO - {'id': 7, 'date': datetime.date(2025, 9, 1), 'type': 'expense', 'category': 'shopping', 'amount': 6000.0, 'note': 'new semester clothes'}
2025-09-26 10:28:16,389 - INFO - {'id': 4, 'date': datetime.date(2025, 9, 3), 'type': 'expense', 'category': 'transport', 'amount': 1000.0, 'note': 'total bus fare 5 days'}
2025-09-26 10:28:16,389 - INFO - {'id': 24, 'date': datetime.date(2025, 9, 27), 'type': 'expense', 'category': 'education', 'amount': 1000.0, 'note': 'research printouts'}
2025-09-26 10:28:57,997 - INFO - Transparency sample logged:
2025-09-26 10:28:58,005 - INFO - {'id': 17, 'date': datetime.date(2025, 9, 16), 'type': 'expense', 'category': 'education', 'amount': 5000.0, 'note': 'robotic exhibition'}
2025-09-26 10:28:58,006 - INFO - {'id': 6, 'date': datetime.date(2025, 9, 1), 'type': 'expense', 'category': 'bills', 'amount': 8000.0, 'note': 'electricity bill August'}
2025-09-26 10:28:58,007 - INFO - {'id': 4, 'date': datetime.date(2025, 9, 3), 'type': 'expense', 'category': 'transport', 'amount': 1000.0, 'note': 'total bus fare 5 days'}
2025-09-26 10:38:19,794 - INFO - Transparency sample logged:
2025-09-26 10:38:19,795 - INFO - {'id': 21, 'date': datetime.date(2025, 9, 25), 'type': 'expense', 'category': 'transport', 'amount': 440.0, 'note': 'bus and three wheel fare'}
2025-09-26 10:38:19,795 - INFO - {'id': 25, 'date': datetime.date(2025, 9, 28), 'type': 'expense', 'category': 'Entertainment', 'amount': 4000.0, 'note': 'shopping mid'}
2025-09-26 10:38:19,795 - INFO - {'id': 9, 'date': datetime.date(2025, 9, 1), 'type': 'expense', 'category': 'bills', 'amount': 6000.0, 'note': 'water bill August'}
2025-09-26 10:42:55,351 - INFO - Transparency sample logged:
2025-09-26 10:42:55,351 - INFO - {'id': 6, 'date': datetime.date(2025, 9, 1), 'type': 'expense', 'category': 'bills', 'amount': 8000.0, 'note': 'electricity bill August'}
2025-09-26 10:42:55,352 - INFO - {'id': 8, 'date': datetime.date(2025, 9, 11), 'type': 'income', 'category': 'investment', 'amount': 2000.0, 'note': 'fixed opportunity income monthly interest'}
2025-09-26 10:42:55,352 - INFO - {'id': 3, 'date': datetime.date(2025, 9, 1), 'type': 'expense', 'category': 'educational', 'amount': 2200.0, 'note': 'official chess tshirt 2025/26'}
2025-09-26 10:59:48,585 - INFO - Transparency sample logged:
2025-09-26 10:59:48,587 - INFO - {'id': 26, 'date': datetime.date(2025, 9, 25), 'type': 'expense', 'category': 'Entertainment', 'amount': 1500.0, 'note': 'barista coffee chicken loaded fries'}
2025-09-26 10:59:48,588 - INFO - {'id': 3, 'date': datetime.date(2025, 9, 1), 'type': 'expense', 'category': 'educational', 'amount': 2200.0, 'note': 'official chess tshirt 2025/26'}
2025-09-26 10:59:48,588 - INFO - {'id': 7, 'date': datetime.date(2025, 9, 1), 'type': 'expense', 'category': 'shopping', 'amount': 6000.0, 'note': 'new semester clothes'}
2025-09-26 11:05:58,095 - INFO - Transparency sample logged:
2025-09-26 11:05:58,096 - INFO - {'id': 5, 'date': datetime.date(2025, 9, 6), 'type': 'expense', 'category': 'food', 'amount': 5000.0, 'note': 'birthday pizza large'}
2025-09-26 11:05:58,096 - INFO - {'id': 26, 'date': datetime.date(2025, 9, 25), 'type': 'expense', 'category': 'Entertainment', 'amount': 1500.0, 'note': 'barista coffee chicken loaded fries'}
2025-09-26 11:05:58,123 - INFO - {'id': 2, 'date': datetime.date(2025, 9, 1), 'type': 'income', 'category': 'salary', 'amount': 50000.0, 'note': 'bonus added'}
2025-09-26 11:16:47,387 - INFO - Transparency sample logged:
2025-09-26 11:16:47,388 - INFO - {'id': 2, 'date': datetime.date(2025, 9, 1), 'type': 'income', 'category': 'salary', 'amount': 50000.0, 'note': 'bonus added'}
2025-09-26 11:16:47,388 - INFO - {'id': 7, 'date': datetime.date(2025, 9, 1), 'type': 'expense', 'category': 'shopping', 'amount': 6000.0, 'note': 'new semester clothes'}
2025-09-26 11:16:47,391 - INFO - {'id': 16, 'date': datetime.date(2025, 9, 6), 'type': 'expense', 'category': 'sports', 'amount': 3000.0, 'note': 'chess tournament registration fee'}
2025-09-26 11:21:09,610 - INFO - Transparency sample logged:
2025-09-26 11:21:09,620 - INFO - {'id': 4, 'date': datetime.date(2025, 9, 3), 'type': 'expense', 'category': 'transport', 'amount': 1000.0, 'note': 'total bus fare 5 days'}
2025-09-26 11:21:09,621 - INFO - {'id': 16, 'date': datetime.date(2025, 9, 6), 'type': 'expense', 'category': 'sports', 'amount': 3000.0, 'note': 'chess tournament registration fee'}
2025-09-26 11:21:09,621 - INFO - {'id': 8, 'date': datetime.date(2025, 9, 11), 'type': 'income', 'category': 'investment', 'amount': 2000.0, 'note': 'fixed opportunity income monthly interest'}
2025-09-26 11:23:12,808 - INFO - Transparency sample logged:
2025-09-26 11:23:12,813 - INFO - {'id': 16, 'date': datetime.date(2025, 9, 6), 'type': 'expense', 'category': 'sports', 'amount': 3000.0, 'note': 'chess tournament registration fee'}
2025-09-26 11:23:12,813 - INFO - {'id': 21, 'date': datetime.date(2025, 9, 25), 'type': 'expense', 'category': 'transport', 'amount': 440.0, 'note': 'bus and three wheel fare'}
2025-09-26 11:23:12,813 - INFO - {'id': 4, 'date': datetime.date(2025, 9, 3), 'type': 'expense', 'category': 'transport', 'amount': 1000.0, 'note': 'total bus fare 5 days'}
2025-09-26 11:58:25,272 - INFO - Transparency sample logged:
2025-09-26 11:58:25,272 - INFO - {'id': 17, 'date': datetime.date(2025, 9, 16), 'type': 'expense', 'category': 'education', 'amount': 5000.0, 'note': 'robotic exhibition'}
2025-09-26 11:58:25,273 - INFO - {'id': 2, 'date': datetime.date(2025, 9, 1), 'type': 'income', 'category': 'salary', 'amount': 50000.0, 'note': 'bonus added'}
2025-09-26 11:58:25,273 - INFO - {'id': 16, 'date': datetime.date(2025, 9, 6), 'type': 'expense', 'category': 'sports', 'amount': 3000.0, 'note': 'chess tournament registration fee'}
2025-09-26 12:01:28,990 - INFO - Transparency sample logged:
2025-09-26 12:01:29,035 - INFO - {'id': 9, 'date': datetime.date(2025, 9, 1), 'type': 'expense', 'category': 'bills', 'amount': 6000.0, 'note': 'water bill August'}
2025-09-26 12:01:29,036 - INFO - {'id': 26, 'date': datetime.date(2025, 9, 25), 'type': 'expense', 'category': 'Entertainment', 'amount': 1500.0, 'note': 'barista coffee chicken loaded fries'}
2025-09-26 12:01:29,036 - INFO - {'id': 2, 'date': datetime.date(2025, 9, 1), 'type': 'income', 'category': 'salary', 'amount': 50000.0, 'note': 'bonus added'}
